DEBUG:asyncio:Using selector: EpollSelector
INFO:tornado.access:101 GET / (219.217.154.220) 0.58ms
INFO:root:Websocket served at time: Sat Oct 19 11:39:28 2019
INFO:root:**********WebSocket closed**********
INFO:tornado.access:101 GET / (219.217.154.220) 0.71ms
INFO:root:Websocket served at time: Sat Oct 19 11:40:02 2019
INFO:root:**********WebSocket closed**********
WARNING:tornado.access:403 GET / (202.118.99.182) 0.43ms
DEBUG:tornado.general:Cross origin websockets not allowed
INFO:tornado.access:101 GET / (219.217.154.220) 0.72ms
INFO:root:Websocket served at time: Sat Oct 19 11:41:12 2019
INFO:root:**********WebSocket closed**********
WARNING:tornado.access:403 GET / (202.118.99.182) 0.49ms
DEBUG:tornado.general:Cross origin websockets not allowed
WARNING:tornado.access:403 GET / (202.118.99.182) 0.40ms
DEBUG:tornado.general:Cross origin websockets not allowed
WARNING:tornado.access:403 GET / (202.118.99.182) 0.41ms
DEBUG:tornado.general:Cross origin websockets not allowed
WARNING:tornado.access:403 GET / (202.118.99.182) 0.42ms
DEBUG:tornado.general:Cross origin websockets not allowed
WARNING:tornado.access:403 GET / (202.118.99.182) 0.42ms
DEBUG:tornado.general:Cross origin websockets not allowed
WARNING:tornado.access:403 GET / (202.118.99.182) 0.39ms
DEBUG:tornado.general:Cross origin websockets not allowed
WARNING:tornado.access:403 GET / (202.118.99.182) 0.42ms
DEBUG:tornado.general:Cross origin websockets not allowed
WARNING:tornado.access:403 GET / (202.118.99.182) 0.39ms
DEBUG:tornado.general:Cross origin websockets not allowed
WARNING:tornado.access:403 GET / (202.118.99.182) 0.42ms
DEBUG:tornado.general:Cross origin websockets not allowed
WARNING:tornado.access:403 GET / (202.118.99.182) 0.40ms
DEBUG:tornado.general:Cross origin websockets not allowed
WARNING:tornado.access:403 GET / (202.118.99.182) 0.51ms
DEBUG:tornado.general:Cross origin websockets not allowed
WARNING:tornado.access:403 GET / (202.118.99.182) 0.40ms
DEBUG:tornado.general:Cross origin websockets not allowed
WARNING:tornado.access:403 GET / (202.118.99.182) 0.39ms
DEBUG:tornado.general:Cross origin websockets not allowed
WARNING:tornado.access:403 GET / (202.118.99.182) 0.41ms
DEBUG:tornado.general:Cross origin websockets not allowed
WARNING:tornado.access:403 GET / (202.118.99.182) 0.54ms
DEBUG:tornado.general:Cross origin websockets not allowed
WARNING:tornado.access:403 GET / (202.118.99.182) 0.42ms
DEBUG:tornado.general:Cross origin websockets not allowed
WARNING:tornado.access:403 GET / (202.118.99.182) 0.54ms
DEBUG:tornado.general:Cross origin websockets not allowed
WARNING:tornado.access:403 GET / (202.118.99.182) 0.39ms
DEBUG:tornado.general:Cross origin websockets not allowed
WARNING:tornado.access:403 GET / (202.118.99.182) 0.40ms
DEBUG:tornado.general:Cross origin websockets not allowed
DEBUG:asyncio:Using selector: EpollSelector
INFO:tornado.access:101 GET / (219.217.154.220) 0.58ms
INFO:root:Websocket served at time: Sat Oct 19 11:50:00 2019
INFO:root:**********WebSocket closed**********
INFO:tornado.access:101 GET / (202.118.99.182) 0.48ms
INFO:root:Websocket served at time: Sat Oct 19 11:50:31 2019
INFO:root:**********WebSocket closed**********
ERROR:asyncio:Task exception was never retrieved
future: <Task finished coro=<WebSocketProtocol13.write_message.<locals>.wrapper() done, defined at /usr/local/python3/lib/python3.7/site-packages/tornado/websocket.py:1102> exception=WebSocketClosedError()>
Traceback (most recent call last):
  File "/usr/local/python3/lib/python3.7/site-packages/tornado/websocket.py", line 1104, in wrapper
    await fut
tornado.iostream.StreamClosedError: Stream is closed

During handling of the above exception, another exception occurred:

Traceback (most recent call last):
  File "/usr/local/python3/lib/python3.7/site-packages/tornado/websocket.py", line 1106, in wrapper
    raise WebSocketClosedError()
tornado.websocket.WebSocketClosedError
INFO:tornado.access:101 GET / (202.118.99.182) 0.58ms
INFO:root:Websocket served at time: Sat Oct 19 11:50:51 2019
INFO:root:**********WebSocket closed**********
ERROR:asyncio:Task exception was never retrieved
future: <Task finished coro=<WebSocketProtocol13.write_message.<locals>.wrapper() done, defined at /usr/local/python3/lib/python3.7/site-packages/tornado/websocket.py:1102> exception=WebSocketClosedError()>
Traceback (most recent call last):
  File "/usr/local/python3/lib/python3.7/site-packages/tornado/websocket.py", line 1104, in wrapper
    await fut
tornado.iostream.StreamClosedError: Stream is closed

During handling of the above exception, another exception occurred:

Traceback (most recent call last):
  File "/usr/local/python3/lib/python3.7/site-packages/tornado/websocket.py", line 1106, in wrapper
    raise WebSocketClosedError()
tornado.websocket.WebSocketClosedError
DEBUG:asyncio:Using selector: EpollSelector
INFO:tornado.access:101 GET / (219.217.154.220) 0.60ms
INFO:root:Websocket served at time: Sat Oct 19 11:56:31 2019
INFO:root:**********WebSocket closed**********
INFO:tornado.general:Malformed HTTP message from 219.217.154.108: no colon in header line
INFO:tornado.access:101 GET / (219.217.154.108) 0.49ms
INFO:root:Websocket served at time: Sun Oct 20 10:43:00 2019
INFO:root:**********WebSocket closed**********
INFO:tornado.access:101 GET / (219.217.154.108) 0.81ms
INFO:root:Websocket served at time: Sun Oct 20 10:47:43 2019
INFO:root:**********WebSocket closed**********
INFO:tornado.access:101 GET / (219.217.154.108) 0.51ms
INFO:root:Websocket served at time: Sun Oct 20 10:48:08 2019
INFO:root:**********WebSocket closed**********
INFO:tornado.access:101 GET / (219.217.154.108) 0.48ms
INFO:root:Websocket served at time: Sun Oct 20 11:10:05 2019
INFO:root:**********WebSocket closed**********
INFO:tornado.access:101 GET / (219.217.154.108) 0.65ms
INFO:root:Websocket served at time: Sun Oct 20 11:27:48 2019
INFO:root:**********WebSocket closed**********
INFO:tornado.access:101 GET / (219.217.154.108) 0.48ms
INFO:root:Websocket served at time: Sun Oct 20 11:28:15 2019
INFO:root:**********WebSocket closed**********
INFO:tornado.access:101 GET / (219.217.154.108) 0.56ms
INFO:root:Websocket served at time: Sun Oct 20 11:29:03 2019
INFO:root:**********WebSocket closed**********
INFO:tornado.access:101 GET / (219.217.154.108) 0.49ms
INFO:root:Websocket served at time: Sun Oct 20 11:30:01 2019
INFO:root:**********WebSocket closed**********
INFO:tornado.access:101 GET / (219.217.154.108) 0.51ms
INFO:root:Websocket served at time: Sun Oct 20 11:30:57 2019
INFO:root:**********WebSocket closed**********
INFO:tornado.access:101 GET / (219.217.154.108) 0.50ms
INFO:root:Websocket served at time: Sun Oct 20 11:31:31 2019
INFO:root:**********WebSocket closed**********
INFO:tornado.access:101 GET / (219.217.154.108) 0.48ms
INFO:root:Websocket served at time: Sun Oct 20 11:32:27 2019
INFO:root:**********WebSocket closed**********
INFO:tornado.access:101 GET / (219.217.154.108) 0.65ms
INFO:root:Websocket served at time: Sun Oct 20 11:35:44 2019
INFO:root:**********WebSocket closed**********
INFO:tornado.access:101 GET / (219.217.154.108) 0.48ms
INFO:root:Websocket served at time: Sun Oct 20 11:35:58 2019
INFO:root:**********WebSocket closed**********
INFO:tornado.access:101 GET / (219.217.154.108) 0.55ms
INFO:root:Websocket served at time: Sun Oct 20 11:37:06 2019
INFO:root:**********WebSocket closed**********
INFO:tornado.access:101 GET / (219.217.154.108) 0.51ms
INFO:root:Websocket served at time: Sun Oct 20 11:37:21 2019
INFO:root:**********WebSocket closed**********
INFO:tornado.access:101 GET / (219.217.154.108) 0.48ms
INFO:root:Websocket served at time: Sun Oct 20 11:37:59 2019
INFO:root:**********WebSocket closed**********
INFO:tornado.access:101 GET / (219.217.154.108) 0.52ms
INFO:root:Websocket served at time: Sun Oct 20 11:39:55 2019
INFO:root:**********WebSocket closed**********
INFO:tornado.access:101 GET / (219.217.154.108) 0.51ms
INFO:root:Websocket served at time: Sun Oct 20 11:40:19 2019
INFO:root:**********WebSocket closed**********
INFO:tornado.access:101 GET / (219.217.154.108) 0.46ms
INFO:root:Websocket served at time: Sun Oct 20 11:41:07 2019
INFO:root:**********WebSocket closed**********
INFO:tornado.access:101 GET / (219.217.154.108) 0.48ms
INFO:root:Websocket served at time: Sun Oct 20 11:41:23 2019
INFO:root:**********WebSocket closed**********
INFO:tornado.access:101 GET / (219.217.154.108) 0.52ms
INFO:root:Websocket served at time: Sun Oct 20 11:41:45 2019
INFO:root:**********WebSocket closed**********
INFO:tornado.access:101 GET / (219.217.154.108) 0.46ms
INFO:root:Websocket served at time: Sun Oct 20 11:43:26 2019
INFO:root:**********WebSocket closed**********
INFO:tornado.access:101 GET / (219.217.154.108) 0.52ms
INFO:root:Websocket served at time: Sun Oct 20 11:44:18 2019
INFO:root:**********WebSocket closed**********
INFO:tornado.access:101 GET / (219.217.154.108) 0.45ms
INFO:root:Websocket served at time: Sun Oct 20 11:44:31 2019
INFO:root:**********WebSocket closed**********
INFO:tornado.access:101 GET / (202.118.99.182) 0.47ms
INFO:root:Websocket served at time: Sun Oct 20 15:23:08 2019
INFO:root:**********WebSocket closed**********
ERROR:asyncio:Task exception was never retrieved
future: <Task finished coro=<WebSocketProtocol13.write_message.<locals>.wrapper() done, defined at /usr/local/python3/lib/python3.7/site-packages/tornado/websocket.py:1102> exception=WebSocketClosedError()>
Traceback (most recent call last):
  File "/usr/local/python3/lib/python3.7/site-packages/tornado/websocket.py", line 1104, in wrapper
    await fut
tornado.iostream.StreamClosedError: Stream is closed

During handling of the above exception, another exception occurred:

Traceback (most recent call last):
  File "/usr/local/python3/lib/python3.7/site-packages/tornado/websocket.py", line 1106, in wrapper
    raise WebSocketClosedError()
tornado.websocket.WebSocketClosedError
INFO:tornado.access:101 GET / (202.118.99.182) 0.48ms
INFO:root:Websocket served at time: Sun Oct 20 15:23:14 2019
INFO:root:**********WebSocket closed**********
ERROR:asyncio:Task exception was never retrieved
future: <Task finished coro=<WebSocketProtocol13.write_message.<locals>.wrapper() done, defined at /usr/local/python3/lib/python3.7/site-packages/tornado/websocket.py:1102> exception=WebSocketClosedError()>
Traceback (most recent call last):
  File "/usr/local/python3/lib/python3.7/site-packages/tornado/websocket.py", line 1104, in wrapper
    await fut
tornado.iostream.StreamClosedError: Stream is closed

During handling of the above exception, another exception occurred:

Traceback (most recent call last):
  File "/usr/local/python3/lib/python3.7/site-packages/tornado/websocket.py", line 1106, in wrapper
    raise WebSocketClosedError()
tornado.websocket.WebSocketClosedError
INFO:tornado.access:101 GET / (202.118.99.182) 0.50ms
INFO:root:Websocket served at time: Sun Oct 20 15:36:08 2019
INFO:root:**********WebSocket closed**********
INFO:tornado.access:101 GET / (202.118.99.182) 0.47ms
INFO:root:Websocket served at time: Sun Oct 20 15:36:13 2019
INFO:root:**********WebSocket closed**********
ERROR:asyncio:Task exception was never retrieved
future: <Task finished coro=<WebSocketProtocol13.write_message.<locals>.wrapper() done, defined at /usr/local/python3/lib/python3.7/site-packages/tornado/websocket.py:1102> exception=WebSocketClosedError()>
Traceback (most recent call last):
  File "/usr/local/python3/lib/python3.7/site-packages/tornado/websocket.py", line 1104, in wrapper
    await fut
tornado.iostream.StreamClosedError: Stream is closed

During handling of the above exception, another exception occurred:

Traceback (most recent call last):
  File "/usr/local/python3/lib/python3.7/site-packages/tornado/websocket.py", line 1106, in wrapper
    raise WebSocketClosedError()
tornado.websocket.WebSocketClosedError
INFO:tornado.access:101 GET / (202.118.99.182) 0.52ms
INFO:root:Websocket served at time: Sun Oct 20 15:36:24 2019
INFO:root:**********WebSocket closed**********
ERROR:asyncio:Task exception was never retrieved
future: <Task finished coro=<WebSocketProtocol13.write_message.<locals>.wrapper() done, defined at /usr/local/python3/lib/python3.7/site-packages/tornado/websocket.py:1102> exception=WebSocketClosedError()>
Traceback (most recent call last):
  File "/usr/local/python3/lib/python3.7/site-packages/tornado/websocket.py", line 1104, in wrapper
    await fut
tornado.iostream.StreamClosedError: Stream is closed

During handling of the above exception, another exception occurred:

Traceback (most recent call last):
  File "/usr/local/python3/lib/python3.7/site-packages/tornado/websocket.py", line 1106, in wrapper
    raise WebSocketClosedError()
tornado.websocket.WebSocketClosedError
INFO:tornado.access:101 GET / (219.217.155.183) 0.66ms
INFO:root:Websocket served at time: Sun Oct 20 19:00:07 2019
INFO:root:**********WebSocket closed**********
INFO:tornado.access:101 GET / (219.217.155.183) 0.49ms
INFO:root:Websocket served at time: Sun Oct 20 19:26:51 2019
INFO:root:**********WebSocket closed**********
INFO:tornado.access:101 GET / (219.217.155.183) 0.54ms
INFO:root:Websocket served at time: Sun Oct 20 19:26:55 2019
INFO:root:**********WebSocket closed**********
INFO:tornado.access:101 GET / (219.217.155.183) 0.53ms
INFO:root:Websocket served at time: Sun Oct 20 19:29:13 2019
INFO:root:**********WebSocket closed**********
INFO:tornado.access:101 GET / (219.217.155.183) 0.49ms
INFO:root:Websocket served at time: Sun Oct 20 19:29:29 2019
INFO:root:**********WebSocket closed**********
INFO:tornado.access:101 GET / (219.217.155.183) 0.48ms
INFO:root:Websocket served at time: Sun Oct 20 19:30:14 2019
INFO:root:**********WebSocket closed**********
INFO:tornado.access:101 GET / (219.217.155.183) 0.48ms
INFO:root:Websocket served at time: Sun Oct 20 20:59:24 2019
INFO:root:**********WebSocket closed**********
INFO:tornado.access:101 GET / (219.217.155.183) 0.47ms
INFO:root:Websocket served at time: Sun Oct 20 21:00:05 2019
INFO:root:**********WebSocket closed**********
INFO:tornado.access:101 GET / (219.217.155.183) 0.45ms
INFO:root:Websocket served at time: Sun Oct 20 21:00:57 2019
INFO:root:**********WebSocket closed**********
INFO:tornado.access:101 GET / (219.217.155.183) 0.47ms
INFO:root:Websocket served at time: Sun Oct 20 21:01:14 2019
INFO:root:**********WebSocket closed**********
INFO:tornado.access:101 GET / (219.217.155.183) 0.50ms
INFO:root:Websocket served at time: Sun Oct 20 21:02:15 2019
INFO:root:**********WebSocket closed**********
INFO:tornado.access:101 GET / (219.217.155.183) 0.55ms
INFO:root:Websocket served at time: Sun Oct 20 21:04:37 2019
INFO:root:**********WebSocket closed**********
INFO:tornado.access:101 GET / (219.217.155.183) 0.50ms
INFO:root:Websocket served at time: Mon Oct 21 09:12:32 2019
INFO:root:**********WebSocket closed**********
INFO:tornado.access:101 GET / (219.217.155.183) 0.52ms
INFO:root:Websocket served at time: Mon Oct 21 09:14:29 2019
INFO:root:**********WebSocket closed**********
INFO:tornado.access:101 GET / (219.217.155.183) 0.47ms
INFO:root:Websocket served at time: Mon Oct 21 09:20:00 2019
INFO:root:**********WebSocket closed**********
INFO:tornado.access:101 GET / (219.217.155.183) 0.47ms
INFO:root:Websocket served at time: Mon Oct 21 09:27:27 2019
INFO:root:**********WebSocket closed**********
INFO:tornado.access:101 GET / (219.217.155.183) 0.51ms
INFO:root:Websocket served at time: Mon Oct 21 09:35:10 2019
INFO:root:**********WebSocket closed**********
INFO:tornado.access:101 GET / (219.217.155.183) 0.49ms
INFO:root:Websocket served at time: Mon Oct 21 09:35:42 2019
INFO:root:**********WebSocket closed**********
INFO:tornado.access:101 GET / (219.217.155.183) 0.47ms
INFO:root:Websocket served at time: Mon Oct 21 09:44:34 2019
INFO:root:**********WebSocket closed**********
INFO:tornado.access:101 GET / (219.217.155.183) 0.47ms
INFO:root:Websocket served at time: Mon Oct 21 09:48:05 2019
INFO:root:**********WebSocket closed**********
INFO:tornado.access:101 GET / (219.217.155.183) 0.48ms
INFO:root:Websocket served at time: Mon Oct 21 09:49:36 2019
INFO:root:**********WebSocket closed**********
INFO:tornado.access:101 GET / (219.217.155.183) 0.53ms
INFO:root:Websocket served at time: Mon Oct 21 09:51:42 2019
INFO:root:**********WebSocket closed**********
INFO:tornado.access:101 GET / (219.217.155.183) 0.49ms
INFO:root:Websocket served at time: Mon Oct 21 09:52:16 2019
INFO:root:**********WebSocket closed**********
INFO:tornado.access:101 GET / (219.217.155.183) 0.51ms
INFO:root:Websocket served at time: Mon Oct 21 09:54:57 2019
INFO:root:**********WebSocket closed**********
INFO:tornado.access:101 GET / (219.217.155.183) 0.79ms
INFO:root:Websocket served at time: Mon Oct 21 09:55:43 2019
INFO:root:**********WebSocket closed**********
INFO:tornado.access:101 GET / (219.217.155.183) 0.55ms
INFO:root:Websocket served at time: Mon Oct 21 09:56:21 2019
INFO:root:**********WebSocket closed**********
INFO:tornado.access:101 GET / (219.217.155.183) 0.56ms
INFO:root:Websocket served at time: Mon Oct 21 09:57:12 2019
INFO:root:**********WebSocket closed**********
INFO:tornado.access:101 GET / (219.217.155.183) 0.49ms
INFO:root:Websocket served at time: Mon Oct 21 09:57:48 2019
INFO:root:**********WebSocket closed**********
INFO:tornado.access:101 GET / (219.217.155.183) 0.46ms
INFO:root:Websocket served at time: Mon Oct 21 10:08:00 2019
INFO:root:**********WebSocket closed**********
INFO:tornado.access:101 GET / (219.217.155.183) 0.51ms
INFO:root:Websocket served at time: Mon Oct 21 10:08:10 2019
INFO:root:**********WebSocket closed**********
INFO:tornado.access:101 GET / (219.217.155.183) 0.51ms
INFO:root:Websocket served at time: Mon Oct 21 10:08:44 2019
INFO:root:**********WebSocket closed**********
INFO:tornado.access:101 GET / (219.217.155.183) 0.47ms
INFO:root:Websocket served at time: Mon Oct 21 10:09:51 2019
INFO:root:**********WebSocket closed**********
INFO:tornado.access:101 GET / (219.217.155.183) 0.52ms
INFO:root:Websocket served at time: Mon Oct 21 10:12:14 2019
INFO:root:**********WebSocket closed**********
INFO:tornado.access:101 GET / (219.217.155.183) 0.52ms
INFO:root:Websocket served at time: Mon Oct 21 10:13:59 2019
INFO:root:**********WebSocket closed**********
INFO:tornado.access:101 GET / (219.217.155.183) 0.79ms
INFO:root:Websocket served at time: Mon Oct 21 10:14:23 2019
INFO:root:**********WebSocket closed**********
INFO:tornado.access:101 GET / (219.217.155.183) 0.52ms
INFO:root:Websocket served at time: Mon Oct 21 10:15:44 2019
INFO:root:**********WebSocket closed**********
INFO:tornado.access:101 GET / (219.217.155.183) 0.46ms
INFO:root:Websocket served at time: Mon Oct 21 10:35:05 2019
INFO:root:**********WebSocket closed**********
INFO:tornado.access:101 GET / (219.217.155.183) 0.48ms
INFO:root:Websocket served at time: Mon Oct 21 10:36:08 2019
INFO:root:**********WebSocket closed**********
INFO:tornado.access:101 GET / (219.217.155.183) 0.49ms
INFO:root:Websocket served at time: Mon Oct 21 10:37:17 2019
INFO:root:**********WebSocket closed**********
INFO:tornado.access:101 GET / (219.217.155.183) 0.51ms
INFO:root:Websocket served at time: Mon Oct 21 10:37:39 2019
INFO:root:**********WebSocket closed**********
INFO:tornado.access:101 GET / (219.217.155.183) 0.53ms
INFO:root:Websocket served at time: Mon Oct 21 10:39:17 2019
INFO:root:**********WebSocket closed**********
INFO:tornado.access:101 GET / (219.217.155.183) 0.45ms
INFO:root:Websocket served at time: Mon Oct 21 10:44:57 2019
INFO:root:**********WebSocket closed**********
INFO:tornado.access:101 GET / (219.217.155.183) 0.76ms
INFO:root:Websocket served at time: Mon Oct 21 10:45:27 2019
INFO:root:**********WebSocket closed**********
INFO:tornado.access:101 GET / (219.217.155.183) 0.48ms
INFO:root:Websocket served at time: Mon Oct 21 10:48:43 2019
INFO:root:**********WebSocket closed**********
INFO:tornado.access:101 GET / (219.217.155.183) 0.51ms
INFO:root:Websocket served at time: Mon Oct 21 10:49:28 2019
INFO:root:**********WebSocket closed**********
INFO:tornado.access:101 GET / (219.217.155.183) 0.63ms
INFO:root:Websocket served at time: Mon Oct 21 10:56:58 2019
INFO:root:**********WebSocket closed**********
INFO:tornado.access:101 GET / (219.217.155.183) 0.46ms
INFO:root:Websocket served at time: Mon Oct 21 11:00:01 2019
INFO:root:**********WebSocket closed**********
INFO:tornado.access:101 GET / (219.217.155.183) 0.69ms
INFO:root:Websocket served at time: Mon Oct 21 11:09:42 2019
INFO:root:**********WebSocket closed**********
INFO:tornado.access:101 GET / (219.217.155.183) 0.46ms
INFO:root:Websocket served at time: Mon Oct 21 11:17:34 2019
INFO:root:**********WebSocket closed**********
INFO:tornado.access:101 GET / (219.217.155.183) 0.49ms
INFO:root:Websocket served at time: Mon Oct 21 11:18:53 2019
INFO:root:**********WebSocket closed**********
INFO:tornado.access:101 GET / (219.217.155.183) 0.50ms
INFO:root:Websocket served at time: Mon Oct 21 11:20:07 2019
INFO:root:**********WebSocket closed**********
INFO:tornado.access:101 GET / (219.217.155.183) 0.49ms
INFO:root:Websocket served at time: Mon Oct 21 11:20:43 2019
INFO:root:**********WebSocket closed**********
INFO:tornado.access:101 GET / (219.217.155.183) 0.51ms
INFO:root:Websocket served at time: Mon Oct 21 11:21:23 2019
INFO:root:**********WebSocket closed**********
INFO:tornado.access:101 GET / (219.217.155.183) 0.47ms
INFO:root:Websocket served at time: Mon Oct 21 11:21:40 2019
INFO:root:**********WebSocket closed**********
INFO:tornado.access:101 GET / (219.217.155.183) 0.55ms
INFO:root:Websocket served at time: Mon Oct 21 11:23:03 2019
INFO:root:**********WebSocket closed**********
INFO:tornado.access:101 GET / (219.217.152.37) 0.53ms
INFO:root:Websocket served at time: Mon Oct 21 14:22:38 2019
INFO:root:**********WebSocket closed**********
INFO:tornado.access:101 GET / (219.217.152.37) 0.52ms
INFO:root:Websocket served at time: Mon Oct 21 14:30:56 2019
INFO:root:**********WebSocket closed**********
INFO:tornado.access:101 GET / (219.217.152.37) 0.65ms
INFO:root:Websocket served at time: Mon Oct 21 14:37:26 2019
INFO:root:**********WebSocket closed**********
INFO:tornado.access:101 GET / (219.217.152.37) 0.48ms
INFO:root:Websocket served at time: Mon Oct 21 14:39:23 2019
INFO:root:**********WebSocket closed**********
INFO:tornado.access:101 GET / (219.217.152.37) 0.48ms
INFO:root:Websocket served at time: Mon Oct 21 14:39:39 2019
INFO:root:**********WebSocket closed**********
INFO:tornado.access:101 GET / (219.217.152.37) 0.46ms
INFO:root:Websocket served at time: Mon Oct 21 14:40:27 2019
INFO:root:**********WebSocket closed**********
INFO:tornado.access:101 GET / (219.217.152.37) 0.47ms
INFO:root:Websocket served at time: Mon Oct 21 14:58:09 2019
INFO:root:**********WebSocket closed**********
INFO:tornado.access:101 GET / (219.217.152.37) 0.47ms
INFO:root:Websocket served at time: Mon Oct 21 15:00:15 2019
INFO:root:**********WebSocket closed**********
INFO:tornado.access:101 GET / (219.217.152.37) 0.50ms
INFO:root:Websocket served at time: Mon Oct 21 15:02:24 2019
INFO:root:**********WebSocket closed**********
INFO:tornado.access:101 GET / (219.217.152.37) 0.55ms
INFO:root:Websocket served at time: Mon Oct 21 15:03:17 2019
INFO:root:**********WebSocket closed**********
INFO:tornado.access:101 GET / (219.217.152.37) 0.51ms
INFO:root:Websocket served at time: Mon Oct 21 15:03:29 2019
INFO:root:**********WebSocket closed**********
INFO:tornado.access:101 GET / (219.217.152.37) 0.51ms
INFO:root:Websocket served at time: Mon Oct 21 15:03:46 2019
INFO:root:**********WebSocket closed**********
INFO:tornado.access:101 GET / (219.217.152.37) 0.46ms
INFO:root:Websocket served at time: Mon Oct 21 15:04:35 2019
INFO:root:**********WebSocket closed**********
INFO:tornado.access:101 GET / (219.217.152.37) 0.53ms
INFO:root:Websocket served at time: Mon Oct 21 15:05:06 2019
INFO:root:**********WebSocket closed**********
INFO:tornado.access:101 GET / (219.217.152.37) 0.46ms
INFO:root:Websocket served at time: Mon Oct 21 15:10:41 2019
INFO:root:**********WebSocket closed**********
INFO:tornado.access:101 GET / (219.217.152.37) 0.50ms
INFO:root:Websocket served at time: Mon Oct 21 15:11:29 2019
INFO:root:**********WebSocket closed**********
INFO:tornado.access:101 GET / (219.217.152.37) 0.53ms
INFO:root:Websocket served at time: Mon Oct 21 15:11:56 2019
INFO:root:**********WebSocket closed**********
INFO:tornado.access:101 GET / (219.217.152.37) 0.64ms
INFO:root:Websocket served at time: Mon Oct 21 15:15:21 2019
INFO:root:**********WebSocket closed**********
INFO:tornado.access:101 GET / (219.217.152.37) 0.46ms
INFO:root:Websocket served at time: Mon Oct 21 15:16:39 2019
INFO:root:**********WebSocket closed**********
INFO:tornado.access:101 GET / (219.217.152.37) 0.77ms
INFO:root:Websocket served at time: Mon Oct 21 15:16:52 2019
INFO:root:**********WebSocket closed**********
INFO:tornado.access:101 GET / (219.217.152.37) 0.54ms
INFO:root:Websocket served at time: Mon Oct 21 15:30:21 2019
INFO:root:**********WebSocket closed**********
INFO:tornado.access:101 GET / (219.217.152.37) 0.53ms
INFO:root:Websocket served at time: Mon Oct 21 15:31:03 2019
INFO:root:**********WebSocket closed**********
INFO:tornado.access:101 GET / (219.217.152.37) 0.68ms
INFO:root:Websocket served at time: Mon Oct 21 15:31:20 2019
WARNING:tornado.access:400 GET / (101.132.70.61) 0.46ms
DEBUG:tornado.general:Can "Upgrade" only to "WebSocket".
INFO:root:**********WebSocket closed**********
INFO:tornado.access:101 GET / (219.217.152.37) 0.65ms
INFO:root:Websocket served at time: Mon Oct 21 16:16:18 2019
INFO:root:**********WebSocket closed**********
INFO:tornado.access:101 GET / (219.217.152.37) 0.48ms
INFO:root:Websocket served at time: Mon Oct 21 16:16:47 2019
INFO:root:**********WebSocket closed**********
INFO:tornado.access:101 GET / (219.217.152.37) 0.50ms
INFO:root:Websocket served at time: Mon Oct 21 16:24:37 2019
INFO:root:**********WebSocket closed**********
INFO:tornado.access:101 GET / (219.217.152.37) 0.47ms
INFO:root:Websocket served at time: Mon Oct 21 16:28:03 2019
INFO:root:**********WebSocket closed**********
INFO:tornado.access:101 GET / (219.217.152.37) 0.48ms
INFO:root:Websocket served at time: Mon Oct 21 16:33:33 2019
INFO:root:**********WebSocket closed**********
INFO:tornado.access:101 GET / (219.217.152.37) 0.47ms
INFO:root:Websocket served at time: Mon Oct 21 16:34:02 2019
INFO:root:**********WebSocket closed**********
INFO:tornado.access:101 GET / (219.217.152.37) 0.46ms
INFO:root:Websocket served at time: Mon Oct 21 16:35:58 2019
INFO:root:**********WebSocket closed**********
INFO:tornado.access:101 GET / (219.217.152.37) 0.49ms
INFO:root:Websocket served at time: Mon Oct 21 16:36:47 2019
INFO:root:**********WebSocket closed**********
INFO:tornado.access:101 GET / (219.217.152.37) 0.52ms
INFO:root:Websocket served at time: Mon Oct 21 16:40:47 2019
INFO:root:**********WebSocket closed**********
INFO:tornado.access:101 GET / (219.217.152.37) 0.48ms
INFO:root:Websocket served at time: Mon Oct 21 16:41:24 2019
INFO:root:**********WebSocket closed**********
INFO:tornado.access:101 GET / (219.217.152.37) 0.47ms
INFO:root:Websocket served at time: Mon Oct 21 16:42:05 2019
INFO:root:**********WebSocket closed**********
INFO:tornado.access:101 GET / (219.217.152.37) 0.46ms
INFO:root:Websocket served at time: Mon Oct 21 16:54:13 2019
INFO:root:**********WebSocket closed**********
INFO:tornado.access:101 GET / (219.217.152.37) 0.49ms
INFO:root:Websocket served at time: Mon Oct 21 16:54:26 2019
INFO:root:**********WebSocket closed**********
INFO:tornado.access:101 GET / (219.217.152.37) 0.46ms
INFO:root:Websocket served at time: Mon Oct 21 19:43:41 2019
INFO:root:**********WebSocket closed**********
INFO:tornado.access:101 GET / (219.217.152.37) 0.47ms
INFO:root:Websocket served at time: Mon Oct 21 19:46:10 2019
INFO:root:**********WebSocket closed**********
INFO:tornado.access:101 GET / (219.217.152.37) 0.47ms
INFO:root:Websocket served at time: Mon Oct 21 19:53:32 2019
INFO:root:**********WebSocket closed**********
INFO:tornado.access:101 GET / (219.217.152.37) 0.46ms
INFO:root:Websocket served at time: Mon Oct 21 19:56:29 2019
INFO:root:**********WebSocket closed**********
INFO:tornado.access:101 GET / (219.217.152.37) 0.46ms
INFO:root:Websocket served at time: Mon Oct 21 19:59:43 2019
INFO:root:**********WebSocket closed**********
INFO:tornado.access:101 GET / (219.217.152.37) 0.50ms
INFO:root:Websocket served at time: Mon Oct 21 20:00:38 2019
INFO:root:**********WebSocket closed**********
INFO:tornado.access:101 GET / (219.217.152.37) 0.50ms
INFO:root:Websocket served at time: Mon Oct 21 20:05:24 2019
INFO:root:**********WebSocket closed**********
INFO:tornado.access:101 GET / (219.217.152.37) 0.87ms
INFO:root:Websocket served at time: Mon Oct 21 20:05:52 2019
INFO:root:**********WebSocket closed**********
INFO:tornado.access:101 GET / (219.217.152.37) 0.76ms
INFO:root:Websocket served at time: Mon Oct 21 20:06:55 2019
INFO:root:**********WebSocket closed**********
INFO:tornado.access:101 GET / (219.217.152.37) 0.48ms
INFO:root:Websocket served at time: Mon Oct 21 20:11:42 2019
INFO:root:**********WebSocket closed**********
INFO:tornado.access:101 GET / (219.217.152.37) 0.50ms
INFO:root:Websocket served at time: Mon Oct 21 20:13:20 2019
INFO:root:**********WebSocket closed**********
INFO:tornado.access:101 GET / (219.217.152.37) 0.47ms
INFO:root:Websocket served at time: Mon Oct 21 20:14:41 2019
INFO:root:**********WebSocket closed**********
INFO:tornado.access:101 GET / (219.217.152.37) 0.57ms
INFO:root:Websocket served at time: Mon Oct 21 20:15:02 2019
INFO:root:**********WebSocket closed**********
INFO:tornado.access:101 GET / (219.217.152.37) 0.77ms
INFO:root:Websocket served at time: Mon Oct 21 20:15:13 2019
INFO:root:**********WebSocket closed**********
INFO:tornado.access:101 GET / (219.217.152.37) 0.48ms
INFO:root:Websocket served at time: Mon Oct 21 20:16:20 2019
INFO:root:**********WebSocket closed**********
INFO:tornado.access:101 GET / (219.217.152.37) 0.47ms
INFO:root:Websocket served at time: Mon Oct 21 20:30:07 2019
INFO:root:**********WebSocket closed**********
INFO:tornado.access:101 GET / (219.217.152.37) 0.48ms
INFO:root:Websocket served at time: Mon Oct 21 20:31:01 2019
INFO:root:**********WebSocket closed**********
INFO:tornado.access:101 GET / (219.217.152.37) 0.98ms
INFO:root:Websocket served at time: Mon Oct 21 20:32:33 2019
INFO:root:**********WebSocket closed**********
INFO:tornado.access:101 GET / (219.217.152.37) 0.45ms
INFO:root:Websocket served at time: Mon Oct 21 20:35:18 2019
INFO:root:**********WebSocket closed**********
INFO:tornado.access:101 GET / (219.217.152.37) 0.49ms
INFO:root:Websocket served at time: Mon Oct 21 20:36:15 2019
INFO:root:**********WebSocket closed**********
INFO:tornado.access:101 GET / (219.217.152.37) 0.57ms
INFO:root:Websocket served at time: Mon Oct 21 20:37:04 2019
INFO:root:**********WebSocket closed**********
INFO:tornado.access:101 GET / (219.217.152.37) 0.49ms
INFO:root:Websocket served at time: Mon Oct 21 20:38:38 2019
INFO:root:**********WebSocket closed**********
INFO:tornado.access:101 GET / (219.217.152.37) 0.51ms
INFO:root:Websocket served at time: Mon Oct 21 20:39:08 2019
INFO:root:**********WebSocket closed**********
INFO:tornado.access:101 GET / (219.217.152.37) 0.49ms
INFO:root:Websocket served at time: Mon Oct 21 20:40:29 2019
INFO:root:**********WebSocket closed**********
INFO:tornado.access:101 GET / (219.217.152.37) 0.51ms
INFO:root:Websocket served at time: Mon Oct 21 20:40:59 2019
INFO:root:**********WebSocket closed**********
INFO:tornado.access:101 GET / (219.217.152.37) 0.49ms
INFO:root:Websocket served at time: Mon Oct 21 20:41:07 2019
INFO:root:**********WebSocket closed**********
INFO:tornado.access:101 GET / (219.217.152.37) 0.52ms
INFO:root:Websocket served at time: Mon Oct 21 20:42:57 2019
INFO:root:**********WebSocket closed**********
INFO:tornado.access:101 GET / (219.217.152.37) 0.45ms
INFO:root:Websocket served at time: Mon Oct 21 20:44:13 2019
INFO:root:**********WebSocket closed**********
INFO:tornado.access:101 GET / (219.217.152.37) 0.52ms
INFO:root:Websocket served at time: Mon Oct 21 20:45:14 2019
INFO:root:**********WebSocket closed**********
INFO:tornado.access:101 GET / (219.217.152.37) 0.51ms
INFO:root:Websocket served at time: Mon Oct 21 20:47:54 2019
INFO:root:**********WebSocket closed**********
INFO:tornado.access:101 GET / (219.217.152.37) 0.49ms
INFO:root:Websocket served at time: Mon Oct 21 20:50:16 2019
INFO:root:**********WebSocket closed**********
INFO:tornado.access:101 GET / (219.217.152.37) 0.72ms
INFO:root:Websocket served at time: Mon Oct 21 20:50:51 2019
INFO:root:**********WebSocket closed**********
INFO:tornado.access:101 GET / (219.217.152.37) 0.48ms
INFO:root:Websocket served at time: Mon Oct 21 20:52:37 2019
INFO:root:**********WebSocket closed**********
INFO:tornado.access:101 GET / (202.118.99.182) 0.60ms
INFO:root:Websocket served at time: Wed Oct 23 10:11:41 2019
INFO:root:**********WebSocket closed**********
ERROR:asyncio:Task exception was never retrieved
future: <Task finished coro=<WebSocketProtocol13.write_message.<locals>.wrapper() done, defined at /usr/local/python3/lib/python3.7/site-packages/tornado/websocket.py:1102> exception=WebSocketClosedError()>
Traceback (most recent call last):
  File "/usr/local/python3/lib/python3.7/site-packages/tornado/websocket.py", line 1104, in wrapper
    await fut
tornado.iostream.StreamClosedError: Stream is closed

During handling of the above exception, another exception occurred:

Traceback (most recent call last):
  File "/usr/local/python3/lib/python3.7/site-packages/tornado/websocket.py", line 1106, in wrapper
    raise WebSocketClosedError()
tornado.websocket.WebSocketClosedError
INFO:tornado.access:101 GET / (202.118.99.182) 0.51ms
INFO:root:Websocket served at time: Wed Oct 23 11:06:26 2019
INFO:root:**********WebSocket closed**********
ERROR:asyncio:Task exception was never retrieved
future: <Task finished coro=<WebSocketProtocol13.write_message.<locals>.wrapper() done, defined at /usr/local/python3/lib/python3.7/site-packages/tornado/websocket.py:1102> exception=WebSocketClosedError()>
Traceback (most recent call last):
  File "/usr/local/python3/lib/python3.7/site-packages/tornado/websocket.py", line 1104, in wrapper
    await fut
tornado.iostream.StreamClosedError: Stream is closed

During handling of the above exception, another exception occurred:

Traceback (most recent call last):
  File "/usr/local/python3/lib/python3.7/site-packages/tornado/websocket.py", line 1106, in wrapper
    raise WebSocketClosedError()
tornado.websocket.WebSocketClosedError
INFO:tornado.access:101 GET / (202.118.99.182) 0.51ms
INFO:root:Websocket served at time: Wed Oct 23 11:10:15 2019
INFO:root:**********WebSocket closed**********
ERROR:asyncio:Task exception was never retrieved
future: <Task finished coro=<WebSocketProtocol13.write_message.<locals>.wrapper() done, defined at /usr/local/python3/lib/python3.7/site-packages/tornado/websocket.py:1102> exception=WebSocketClosedError()>
Traceback (most recent call last):
  File "/usr/local/python3/lib/python3.7/site-packages/tornado/websocket.py", line 1104, in wrapper
    await fut
tornado.iostream.StreamClosedError: Stream is closed

During handling of the above exception, another exception occurred:

Traceback (most recent call last):
  File "/usr/local/python3/lib/python3.7/site-packages/tornado/websocket.py", line 1106, in wrapper
    raise WebSocketClosedError()
tornado.websocket.WebSocketClosedError
INFO:tornado.access:101 GET / (202.118.99.182) 0.49ms
INFO:root:Websocket served at time: Wed Oct 23 11:10:21 2019
INFO:root:**********WebSocket closed**********
ERROR:asyncio:Task exception was never retrieved
future: <Task finished coro=<WebSocketProtocol13.write_message.<locals>.wrapper() done, defined at /usr/local/python3/lib/python3.7/site-packages/tornado/websocket.py:1102> exception=WebSocketClosedError()>
Traceback (most recent call last):
  File "/usr/local/python3/lib/python3.7/site-packages/tornado/websocket.py", line 1104, in wrapper
    await fut
tornado.iostream.StreamClosedError: Stream is closed

During handling of the above exception, another exception occurred:

Traceback (most recent call last):
  File "/usr/local/python3/lib/python3.7/site-packages/tornado/websocket.py", line 1106, in wrapper
    raise WebSocketClosedError()
tornado.websocket.WebSocketClosedError
INFO:tornado.access:101 GET / (202.118.99.182) 0.45ms
INFO:root:Websocket served at time: Wed Oct 23 11:10:46 2019
INFO:root:**********WebSocket closed**********
ERROR:asyncio:Task exception was never retrieved
future: <Task finished coro=<WebSocketProtocol13.write_message.<locals>.wrapper() done, defined at /usr/local/python3/lib/python3.7/site-packages/tornado/websocket.py:1102> exception=WebSocketClosedError()>
Traceback (most recent call last):
  File "/usr/local/python3/lib/python3.7/site-packages/tornado/websocket.py", line 1104, in wrapper
    await fut
tornado.iostream.StreamClosedError: Stream is closed

During handling of the above exception, another exception occurred:

Traceback (most recent call last):
  File "/usr/local/python3/lib/python3.7/site-packages/tornado/websocket.py", line 1106, in wrapper
    raise WebSocketClosedError()
tornado.websocket.WebSocketClosedError
INFO:tornado.access:101 GET / (202.118.99.182) 0.58ms
INFO:root:Websocket served at time: Wed Oct 23 11:12:23 2019
INFO:root:**********WebSocket closed**********
ERROR:asyncio:Task exception was never retrieved
future: <Task finished coro=<WebSocketProtocol13.write_message.<locals>.wrapper() done, defined at /usr/local/python3/lib/python3.7/site-packages/tornado/websocket.py:1102> exception=WebSocketClosedError()>
Traceback (most recent call last):
  File "/usr/local/python3/lib/python3.7/site-packages/tornado/websocket.py", line 1104, in wrapper
    await fut
tornado.iostream.StreamClosedError: Stream is closed

During handling of the above exception, another exception occurred:

Traceback (most recent call last):
  File "/usr/local/python3/lib/python3.7/site-packages/tornado/websocket.py", line 1106, in wrapper
    raise WebSocketClosedError()
tornado.websocket.WebSocketClosedError
INFO:tornado.access:101 GET / (202.118.99.182) 0.46ms
INFO:root:Websocket served at time: Wed Oct 23 11:12:28 2019
INFO:root:**********WebSocket closed**********
ERROR:asyncio:Task exception was never retrieved
future: <Task finished coro=<WebSocketProtocol13.write_message.<locals>.wrapper() done, defined at /usr/local/python3/lib/python3.7/site-packages/tornado/websocket.py:1102> exception=WebSocketClosedError()>
Traceback (most recent call last):
  File "/usr/local/python3/lib/python3.7/site-packages/tornado/websocket.py", line 1104, in wrapper
    await fut
tornado.iostream.StreamClosedError: Stream is closed

During handling of the above exception, another exception occurred:

Traceback (most recent call last):
  File "/usr/local/python3/lib/python3.7/site-packages/tornado/websocket.py", line 1106, in wrapper
    raise WebSocketClosedError()
tornado.websocket.WebSocketClosedError
INFO:tornado.access:101 GET / (202.118.99.182) 0.50ms
INFO:root:Websocket served at time: Wed Oct 23 11:23:27 2019
INFO:root:**********WebSocket closed**********
ERROR:asyncio:Task exception was never retrieved
future: <Task finished coro=<WebSocketProtocol13.write_message.<locals>.wrapper() done, defined at /usr/local/python3/lib/python3.7/site-packages/tornado/websocket.py:1102> exception=WebSocketClosedError()>
Traceback (most recent call last):
  File "/usr/local/python3/lib/python3.7/site-packages/tornado/websocket.py", line 1104, in wrapper
    await fut
tornado.iostream.StreamClosedError: Stream is closed

During handling of the above exception, another exception occurred:

Traceback (most recent call last):
  File "/usr/local/python3/lib/python3.7/site-packages/tornado/websocket.py", line 1106, in wrapper
    raise WebSocketClosedError()
tornado.websocket.WebSocketClosedError
INFO:tornado.access:101 GET / (202.118.99.182) 0.45ms
INFO:root:Websocket served at time: Wed Oct 23 11:24:43 2019
INFO:root:**********WebSocket closed**********
ERROR:asyncio:Task exception was never retrieved
future: <Task finished coro=<WebSocketProtocol13.write_message.<locals>.wrapper() done, defined at /usr/local/python3/lib/python3.7/site-packages/tornado/websocket.py:1102> exception=WebSocketClosedError()>
Traceback (most recent call last):
  File "/usr/local/python3/lib/python3.7/site-packages/tornado/websocket.py", line 1104, in wrapper
    await fut
tornado.iostream.StreamClosedError: Stream is closed

During handling of the above exception, another exception occurred:

Traceback (most recent call last):
  File "/usr/local/python3/lib/python3.7/site-packages/tornado/websocket.py", line 1106, in wrapper
    raise WebSocketClosedError()
tornado.websocket.WebSocketClosedError
INFO:tornado.access:101 GET / (202.118.99.182) 0.47ms
INFO:root:Websocket served at time: Wed Oct 23 14:18:15 2019
INFO:root:**********WebSocket closed**********
ERROR:asyncio:Task exception was never retrieved
future: <Task finished coro=<WebSocketProtocol13.write_message.<locals>.wrapper() done, defined at /usr/local/python3/lib/python3.7/site-packages/tornado/websocket.py:1102> exception=WebSocketClosedError()>
Traceback (most recent call last):
  File "/usr/local/python3/lib/python3.7/site-packages/tornado/websocket.py", line 1104, in wrapper
    await fut
tornado.iostream.StreamClosedError: Stream is closed

During handling of the above exception, another exception occurred:

Traceback (most recent call last):
  File "/usr/local/python3/lib/python3.7/site-packages/tornado/websocket.py", line 1106, in wrapper
    raise WebSocketClosedError()
tornado.websocket.WebSocketClosedError
INFO:tornado.access:101 GET / (202.118.99.182) 0.50ms
INFO:root:Websocket served at time: Wed Oct 23 14:19:14 2019
INFO:root:**********WebSocket closed**********
ERROR:asyncio:Task exception was never retrieved
future: <Task finished coro=<WebSocketProtocol13.write_message.<locals>.wrapper() done, defined at /usr/local/python3/lib/python3.7/site-packages/tornado/websocket.py:1102> exception=WebSocketClosedError()>
Traceback (most recent call last):
  File "/usr/local/python3/lib/python3.7/site-packages/tornado/websocket.py", line 1104, in wrapper
    await fut
tornado.iostream.StreamClosedError: Stream is closed

During handling of the above exception, another exception occurred:

Traceback (most recent call last):
  File "/usr/local/python3/lib/python3.7/site-packages/tornado/websocket.py", line 1106, in wrapper
    raise WebSocketClosedError()
tornado.websocket.WebSocketClosedError
